# JRE version: OpenJDK Runtime Environment Temurin-21.0.11+10 (21.0.11+10) (build 21.0.11+10-LTS)
# Java VM: OpenJDK 64-Bit Server VM Temurin-21.0.11+10 (21.0.11+10-LTS, mixed mode, sharing, tiered, compressed oops, compressed class ptrs, g1 gc, windows-amd64)
GC Precious Log:
 CardTable entry size: 512
 Card Set container configuration: InlinePtr #cards 5 size 8 Array Of Cards #cards 12 size 40 Howl #buckets 4 coarsen threshold 1843 Howl Bitmap #cards 512 size 80 coarsen threshold 460 Card regions per heap region 1 cards per card region 2048
 CPUs: 8 total, 8 available
 Memory: 8067M
 Large Page Support: Disabled
 NUMA Support: Disabled
 Compressed Oops: Enabled (32-bit)
 Heap Region Size: 1M
 Heap Min Capacity: 8M
 Heap Initial Capacity: 128M
 Heap Max Capacity: 2018M
 Pre-touch: Disabled
 Parallel Workers: 8
 Concurrent Workers: 2
 Concurrent Refinement Workers: 8
 Periodic GC: Disabled
Heap:
 garbage-first heap   total 53248K, used 32422K [0x0000000081e00000, 0x0000000100000000)
  region size 1024K, 18 young (18432K), 3 survivors (3072K)
 Metaspace       used 34472K, committed 35008K, reserved 1114112K
  class space    used 4442K, committed 4672K, reserved 1048576K
GC Heap History (10 events):
Event: 0.712 GC heap before
{Heap before GC invocations=0 (full 0):
 garbage-first heap   total 131072K, used 23552K [0x0000000081e00000, 0x0000000100000000)
  region size 1024K, 23 young (23552K), 0 survivors (0K)
 Metaspace       used 6953K, committed 7232K, reserved 1114112K
  class space    used 823K, committed 960K, reserved 1048576K
}
Event: 0.718 GC heap after
{Heap after GC invocations=1 (full 0):
 garbage-first heap   total 131072K, used 7615K [0x0000000081e00000, 0x0000000100000000)
  region size 1024K, 3 young (3072K), 3 survivors (3072K)
 Metaspace       used 6953K, committed 7232K, reserved 1114112K
  class space    used 823K, committed 960K, reserved 1048576K
}
Event: 1.475 GC heap before
{Heap before GC invocations=1 (full 0):
 garbage-first heap   total 131072K, used 35263K [0x0000000081e00000, 0x0000000100000000)
  region size 1024K, 31 young (31744K), 3 survivors (3072K)
 Metaspace       used 14404K, committed 14784K, reserved 1114112K
  class space    used 1969K, committed 2176K, reserved 1048576K
}
Event: 1.484 GC heap after
{Heap after GC invocations=2 (full 0):
 garbage-first heap   total 131072K, used 10164K [0x0000000081e00000, 0x0000000100000000)
  region size 1024K, 3 young (3072K), 3 survivors (3072K)
 Metaspace       used 14404K, committed 14784K, reserved 1114112K
  class space    used 1969K, committed 2176K, reserved 1048576K
}
Event: 2.943 GC heap before
{Heap before GC invocations=2 (full 0):
 garbage-first heap   total 131072K, used 35764K [0x0000000081e00000, 0x0000000100000000)
  region size 1024K, 30 young (30720K), 3 survivors (3072K)
 Metaspace       used 21123K, committed 21504K, reserved 1114112K
  class space    used 2735K, committed 2944K, reserved 1048576K
}
Event: 2.951 GC heap after
{Heap after GC invocations=3 (full 0):
 garbage-first heap   total 131072K, used 12552K [0x0000000081e00000, 0x0000000100000000)
  region size 1024K, 5 young (5120K), 5 survivors (5120K)
 Metaspace       used 21123K, committed 21504K, reserved 1114112K
  class space    used 2735K, committed 2944K, reserved 1048576K
}
Event: 4.603 GC heap before
{Heap before GC invocations=4 (full 0):
 garbage-first heap   total 45056K, used 44296K [0x0000000081e00000, 0x0000000100000000)
  region size 1024K, 36 young (36864K), 5 survivors (5120K)
 Metaspace       used 26110K, committed 26560K, reserved 1114112K
  class space    used 3376K, committed 3584K, reserved 1048576K
}
Event: 4.617 GC heap after
{Heap after GC invocations=5 (full 0):
 garbage-first heap   total 53248K, used 15624K [0x0000000081e00000, 0x0000000100000000)
  region size 1024K, 8 young (8192K), 8 survivors (8192K)
 Metaspace       used 26110K, committed 26560K, reserved 1114112K
  class space    used 3376K, committed 3584K, reserved 1048576K
}
Event: 6.105 GC heap before
{Heap before GC invocations=5 (full 0):
 garbage-first heap   total 53248K, used 39176K [0x0000000081e00000, 0x0000000100000000)
  region size 1024K, 31 young (31744K), 8 survivors (8192K)
 Metaspace       used 30487K, committed 30976K, reserved 1114112K
  class space    used 4000K, committed 4224K, reserved 1048576K
}
Event: 6.125 GC heap after
{Heap after GC invocations=6 (full 0):
 garbage-first heap   total 53248K, used 18086K [0x0000000081e00000, 0x0000000100000000)
  region size 1024K, 3 young (3072K), 3 survivors (3072K)
 Metaspace       used 30487K, committed 30976K, reserved 1114112K
  class space    used 4000K, committed 4224K, reserved 1048576K
}

